[  178580ms] [ERROR] ./src/app/caso/[slug]/page.tsx:5:1
Module not found: Can't resolve './OverviewContent'
  3 | import { CASO_EPSTEIN_SLUG } from '../../../lib/caso-epstein/types'
  4 | import { getActors, getTimeline, getDocuments, getLegalCases } from '../../../lib/caso-epstein/queries'
> 5 | import { OverviewContent } from './OverviewContent'
    | ^^^^^^^^^^^^^^^^^^^^^^^^^^^^^^^^^^^^^^^^^^^^^^^^^^^
  6 |
  7 | interface PageProps {
  8 |   readonly params: Promise<{ slug: string }>

https://nextjs.org/docs/messages/module-not-found @ http://localhost:3000/_next/static/chunks/85776_next_dist_a7241a5b._.js:3127
[  179507ms] [ERROR] ./src/app/caso/[slug]/page.tsx:5:1
Module not found: Can't resolve './OverviewContent'
  3 | import { CASO_EPSTEIN_SLUG } from '../../../lib/caso-epstein/types'
  4 | import { getActors, getTimeline, getDocuments, getLegalCases } from '../../../lib/caso-epstein/queries'
> 5 | import { OverviewContent } from './OverviewContent'
    | ^^^^^^^^^^^^^^^^^^^^^^^^^^^^^^^^^^^^^^^^^^^^^^^^^^^
  6 |
  7 | interface PageProps {
  8 |   readonly params: Promise<{ slug: string }>

https://nextjs.org/docs/messages/module-not-found @ http://localhost:3000/_next/static/chunks/85776_next_dist_a7241a5b._.js:3127
[  183066ms] [ERROR] ./src/app/caso/[slug]/page.tsx:5:1
Module not found: Can't resolve './OverviewContent'
  3 | import { CASO_EPSTEIN_SLUG } from '../../../lib/caso-epstein/types'
  4 | import { getActors, getTimeline, getDocuments, getLegalCases } from '../../../lib/caso-epstein/queries'
> 5 | import { OverviewContent } from './OverviewContent'
    | ^^^^^^^^^^^^^^^^^^^^^^^^^^^^^^^^^^^^^^^^^^^^^^^^^^^
  6 |
  7 | interface PageProps {
  8 |   readonly params: Promise<{ slug: string }>

https://nextjs.org/docs/messages/module-not-found @ http://localhost:3000/_next/static/chunks/85776_next_dist_a7241a5b._.js:3127
[  183380ms] [ERROR] ./src/app/caso/[slug]/page.tsx:5:1
Module not found: Can't resolve './OverviewContent'
  3 | import { CASO_EPSTEIN_SLUG } from '../../../lib/caso-epstein/types'
  4 | import { getActors, getTimeline, getDocuments, getLegalCases } from '../../../lib/caso-epstein/queries'
> 5 | import { OverviewContent } from './OverviewContent'
    | ^^^^^^^^^^^^^^^^^^^^^^^^^^^^^^^^^^^^^^^^^^^^^^^^^^^
  6 |
  7 | interface PageProps {
  8 |   readonly params: Promise<{ slug: string }>

https://nextjs.org/docs/messages/module-not-found @ http://localhost:3000/_next/static/chunks/85776_next_dist_a7241a5b._.js:3127
[  183418ms] [ERROR] ./src/app/caso/[slug]/page.tsx:5:1
Module not found: Can't resolve './OverviewContent'
  3 | import { CASO_EPSTEIN_SLUG } from '../../../lib/caso-epstein/types'
  4 | import { getActors, getTimeline, getDocuments, getLegalCases } from '../../../lib/caso-epstein/queries'
> 5 | import { OverviewContent } from './OverviewContent'
    | ^^^^^^^^^^^^^^^^^^^^^^^^^^^^^^^^^^^^^^^^^^^^^^^^^^^
  6 |
  7 | interface PageProps {
  8 |   readonly params: Promise<{ slug: string }>

https://nextjs.org/docs/messages/module-not-found @ http://localhost:3000/_next/static/chunks/85776_next_dist_a7241a5b._.js:3127
[  183645ms] [ERROR] ./src/app/caso/[slug]/page.tsx:5:1
Module not found: Can't resolve './OverviewContent'
  3 | import { CASO_EPSTEIN_SLUG } from '../../../lib/caso-epstein/types'
  4 | import { getActors, getTimeline, getDocuments, getLegalCases } from '../../../lib/caso-epstein/queries'
> 5 | import { OverviewContent } from './OverviewContent'
    | ^^^^^^^^^^^^^^^^^^^^^^^^^^^^^^^^^^^^^^^^^^^^^^^^^^^
  6 |
  7 | interface PageProps {
  8 |   readonly params: Promise<{ slug: string }>

https://nextjs.org/docs/messages/module-not-found @ http://localhost:3000/_next/static/chunks/85776_next_dist_a7241a5b._.js:3127
[  183816ms] [ERROR] ./src/app/caso/[slug]/page.tsx:5:1
Module not found: Can't resolve './OverviewContent'
  3 | import { CASO_EPSTEIN_SLUG } from '../../../lib/caso-epstein/types'
  4 | import { getActors, getTimeline, getDocuments, getLegalCases } from '../../../lib/caso-epstein/queries'
> 5 | import { OverviewContent } from './OverviewContent'
    | ^^^^^^^^^^^^^^^^^^^^^^^^^^^^^^^^^^^^^^^^^^^^^^^^^^^
  6 |
  7 | interface PageProps {
  8 |   readonly params: Promise<{ slug: string }>

https://nextjs.org/docs/messages/module-not-found @ http://localhost:3000/_next/static/chunks/85776_next_dist_a7241a5b._.js:3127
[  196595ms] [ERROR] ./src/app/caso/[slug]/page.tsx:5:1
Module not found: Can't resolve './OverviewContent'
  3 | import { CASO_EPSTEIN_SLUG } from '../../../lib/caso-epstein/types'
  4 | import { getActors, getTimeline, getDocuments, getLegalCases } from '../../../lib/caso-epstein/queries'
> 5 | import { OverviewContent } from './OverviewContent'
    | ^^^^^^^^^^^^^^^^^^^^^^^^^^^^^^^^^^^^^^^^^^^^^^^^^^^
  6 |
  7 | interface PageProps {
  8 |   readonly params: Promise<{ slug: string }>

https://nextjs.org/docs/messages/module-not-found @ http://localhost:3000/_next/static/chunks/85776_next_dist_a7241a5b._.js:3127
[  197208ms] [ERROR] ./src/app/caso/[slug]/page.tsx:5:1
Module not found: Can't resolve './OverviewContent'
  3 | import { CASO_EPSTEIN_SLUG } from '../../../lib/caso-epstein/types'
  4 | import { getActors, getTimeline, getDocuments, getLegalCases } from '../../../lib/caso-epstein/queries'
> 5 | import { OverviewContent } from './OverviewContent'
    | ^^^^^^^^^^^^^^^^^^^^^^^^^^^^^^^^^^^^^^^^^^^^^^^^^^^
  6 |
  7 | interface PageProps {
  8 |   readonly params: Promise<{ slug: string }>

https://nextjs.org/docs/messages/module-not-found @ http://localhost:3000/_next/static/chunks/85776_next_dist_a7241a5b._.js:3127
[  197299ms] [ERROR] ./src/app/caso/[slug]/page.tsx:5:1
Module not found: Can't resolve './OverviewContent'
  3 | import { CASO_EPSTEIN_SLUG } from '../../../lib/caso-epstein/types'
  4 | import { getActors, getTimeline, getDocuments, getLegalCases } from '../../../lib/caso-epstein/queries'
> 5 | import { OverviewContent } from './OverviewContent'
    | ^^^^^^^^^^^^^^^^^^^^^^^^^^^^^^^^^^^^^^^^^^^^^^^^^^^
  6 |
  7 | interface PageProps {
  8 |   readonly params: Promise<{ slug: string }>

https://nextjs.org/docs/messages/module-not-found @ http://localhost:3000/_next/static/chunks/85776_next_dist_a7241a5b._.js:3127
[  197397ms] [ERROR] ./src/app/caso/[slug]/page.tsx:5:1
Module not found: Can't resolve './OverviewContent'
  3 | import { CASO_EPSTEIN_SLUG } from '../../../lib/caso-epstein/types'
  4 | import { getActors, getTimeline, getDocuments, getLegalCases } from '../../../lib/caso-epstein/queries'
> 5 | import { OverviewContent } from './OverviewContent'
    | ^^^^^^^^^^^^^^^^^^^^^^^^^^^^^^^^^^^^^^^^^^^^^^^^^^^
  6 |
  7 | interface PageProps {
  8 |   readonly params: Promise<{ slug: string }>

https://nextjs.org/docs/messages/module-not-found @ http://localhost:3000/_next/static/chunks/85776_next_dist_a7241a5b._.js:3127
[  198751ms] [ERROR] ./src/app/caso/[slug]/page.tsx:5:1
Module not found: Can't resolve './OverviewContent'
  3 | import { CASO_EPSTEIN_SLUG } from '../../../lib/caso-epstein/types'
  4 | import { getActors, getTimeline, getDocuments, getLegalCases } from '../../../lib/caso-epstein/queries'
> 5 | import { OverviewContent } from './OverviewContent'
    | ^^^^^^^^^^^^^^^^^^^^^^^^^^^^^^^^^^^^^^^^^^^^^^^^^^^
  6 |
  7 | interface PageProps {
  8 |   readonly params: Promise<{ slug: string }>

https://nextjs.org/docs/messages/module-not-found @ http://localhost:3000/_next/static/chunks/85776_next_dist_a7241a5b._.js:3127
[  198874ms] [ERROR] ./src/app/caso/[slug]/page.tsx:5:1
Module not found: Can't resolve './OverviewContent'
  3 | import { CASO_EPSTEIN_SLUG } from '../../../lib/caso-epstein/types'
  4 | import { getActors, getTimeline, getDocuments, getLegalCases } from '../../../lib/caso-epstein/queries'
> 5 | import { OverviewContent } from './OverviewContent'
    | ^^^^^^^^^^^^^^^^^^^^^^^^^^^^^^^^^^^^^^^^^^^^^^^^^^^
  6 |
  7 | interface PageProps {
  8 |   readonly params: Promise<{ slug: string }>

https://nextjs.org/docs/messages/module-not-found @ http://localhost:3000/_next/static/chunks/85776_next_dist_a7241a5b._.js:3127
[  204189ms] [ERROR] ./src/app/caso/[slug]/page.tsx:5:1
Module not found: Can't resolve './OverviewContent'
  3 | import { CASO_EPSTEIN_SLUG } from '../../../lib/caso-epstein/types'
  4 | import { getActors, getTimeline, getDocuments, getLegalCases } from '../../../lib/caso-epstein/queries'
> 5 | import { OverviewContent } from './OverviewContent'
    | ^^^^^^^^^^^^^^^^^^^^^^^^^^^^^^^^^^^^^^^^^^^^^^^^^^^
  6 |
  7 | interface PageProps {
  8 |   readonly params: Promise<{ slug: string }>

https://nextjs.org/docs/messages/module-not-found @ http://localhost:3000/_next/static/chunks/85776_next_dist_a7241a5b._.js:3127
[  204247ms] [ERROR] ./src/app/caso/[slug]/page.tsx:5:1
Module not found: Can't resolve './OverviewContent'
  3 | import { CASO_EPSTEIN_SLUG } from '../../../lib/caso-epstein/types'
  4 | import { getActors, getTimeline, getDocuments, getLegalCases } from '../../../lib/caso-epstein/queries'
> 5 | import { OverviewContent } from './OverviewContent'
    | ^^^^^^^^^^^^^^^^^^^^^^^^^^^^^^^^^^^^^^^^^^^^^^^^^^^
  6 |
  7 | interface PageProps {
  8 |   readonly params: Promise<{ slug: string }>

https://nextjs.org/docs/messages/module-not-found @ http://localhost:3000/_next/static/chunks/85776_next_dist_a7241a5b._.js:3127
[  204376ms] [ERROR] ./src/app/caso/[slug]/page.tsx:5:1
Module not found: Can't resolve './OverviewContent'
  3 | import { CASO_EPSTEIN_SLUG } from '../../../lib/caso-epstein/types'
  4 | import { getActors, getTimeline, getDocuments, getLegalCases } from '../../../lib/caso-epstein/queries'
> 5 | import { OverviewContent } from './OverviewContent'
    | ^^^^^^^^^^^^^^^^^^^^^^^^^^^^^^^^^^^^^^^^^^^^^^^^^^^
  6 |
  7 | interface PageProps {
  8 |   readonly params: Promise<{ slug: string }>

https://nextjs.org/docs/messages/module-not-found @ http://localhost:3000/_next/static/chunks/85776_next_dist_a7241a5b._.js:3127
[  207524ms] [ERROR] ./src/app/caso/[slug]/page.tsx:5:1
Module not found: Can't resolve './OverviewContent'
  3 | import { CASO_EPSTEIN_SLUG } from '../../../lib/caso-epstein/types'
  4 | import { getActors, getTimeline, getDocuments, getLegalCases } from '../../../lib/caso-epstein/queries'
> 5 | import { OverviewContent } from './OverviewContent'
    | ^^^^^^^^^^^^^^^^^^^^^^^^^^^^^^^^^^^^^^^^^^^^^^^^^^^
  6 |
  7 | interface PageProps {
  8 |   readonly params: Promise<{ slug: string }>

https://nextjs.org/docs/messages/module-not-found @ http://localhost:3000/_next/static/chunks/85776_next_dist_a7241a5b._.js:3127
[  207841ms] [ERROR] ./src/app/caso/[slug]/page.tsx:5:1
Module not found: Can't resolve './OverviewContent'
  3 | import { CASO_EPSTEIN_SLUG } from '../../../lib/caso-epstein/types'
  4 | import { getActors, getTimeline, getDocuments, getLegalCases } from '../../../lib/caso-epstein/queries'
> 5 | import { OverviewContent } from './OverviewContent'
    | ^^^^^^^^^^^^^^^^^^^^^^^^^^^^^^^^^^^^^^^^^^^^^^^^^^^
  6 |
  7 | interface PageProps {
  8 |   readonly params: Promise<{ slug: string }>

https://nextjs.org/docs/messages/module-not-found @ http://localhost:3000/_next/static/chunks/85776_next_dist_a7241a5b._.js:3127
[  208560ms] [ERROR] ./src/app/caso/[slug]/page.tsx:5:1
Module not found: Can't resolve './OverviewContent'
  3 | import { CASO_EPSTEIN_SLUG } from '../../../lib/caso-epstein/types'
  4 | import { getActors, getTimeline, getDocuments, getLegalCases } from '../../../lib/caso-epstein/queries'
> 5 | import { OverviewContent } from './OverviewContent'
    | ^^^^^^^^^^^^^^^^^^^^^^^^^^^^^^^^^^^^^^^^^^^^^^^^^^^
  6 |
  7 | interface PageProps {
  8 |   readonly params: Promise<{ slug: string }>

https://nextjs.org/docs/messages/module-not-found @ http://localhost:3000/_next/static/chunks/85776_next_dist_a7241a5b._.js:3127
[  208610ms] [ERROR] ./src/app/caso/[slug]/page.tsx:5:1
Module not found: Can't resolve './OverviewContent'
  3 | import { CASO_EPSTEIN_SLUG } from '../../../lib/caso-epstein/types'
  4 | import { getActors, getTimeline, getDocuments, getLegalCases } from '../../../lib/caso-epstein/queries'
> 5 | import { OverviewContent } from './OverviewContent'
    | ^^^^^^^^^^^^^^^^^^^^^^^^^^^^^^^^^^^^^^^^^^^^^^^^^^^
  6 |
  7 | interface PageProps {
  8 |   readonly params: Promise<{ slug: string }>

https://nextjs.org/docs/messages/module-not-found @ http://localhost:3000/_next/static/chunks/85776_next_dist_a7241a5b._.js:3127
[  208725ms] [ERROR] ./src/app/caso/[slug]/page.tsx:5:1
Module not found: Can't resolve './OverviewContent'
  3 | import { CASO_EPSTEIN_SLUG } from '../../../lib/caso-epstein/types'
  4 | import { getActors, getTimeline, getDocuments, getLegalCases } from '../../../lib/caso-epstein/queries'
> 5 | import { OverviewContent } from './OverviewContent'
    | ^^^^^^^^^^^^^^^^^^^^^^^^^^^^^^^^^^^^^^^^^^^^^^^^^^^
  6 |
  7 | interface PageProps {
  8 |   readonly params: Promise<{ slug: string }>

https://nextjs.org/docs/messages/module-not-found @ http://localhost:3000/_next/static/chunks/85776_next_dist_a7241a5b._.js:3127
[  208780ms] [ERROR] ./src/app/caso/[slug]/page.tsx:5:1
Module not found: Can't resolve './OverviewContent'
  3 | import { CASO_EPSTEIN_SLUG } from '../../../lib/caso-epstein/types'
  4 | import { getActors, getTimeline, getDocuments, getLegalCases } from '../../../lib/caso-epstein/queries'
> 5 | import { OverviewContent } from './OverviewContent'
    | ^^^^^^^^^^^^^^^^^^^^^^^^^^^^^^^^^^^^^^^^^^^^^^^^^^^
  6 |
  7 | interface PageProps {
  8 |   readonly params: Promise<{ slug: string }>

https://nextjs.org/docs/messages/module-not-found @ http://localhost:3000/_next/static/chunks/85776_next_dist_a7241a5b._.js:3127
[  208927ms] [ERROR] ./src/app/caso/[slug]/page.tsx:5:1
Module not found: Can't resolve './OverviewContent'
  3 | import { CASO_EPSTEIN_SLUG } from '../../../lib/caso-epstein/types'
  4 | import { getActors, getTimeline, getDocuments, getLegalCases } from '../../../lib/caso-epstein/queries'
> 5 | import { OverviewContent } from './OverviewContent'
    | ^^^^^^^^^^^^^^^^^^^^^^^^^^^^^^^^^^^^^^^^^^^^^^^^^^^
  6 |
  7 | interface PageProps {
  8 |   readonly params: Promise<{ slug: string }>

https://nextjs.org/docs/messages/module-not-found @ http://localhost:3000/_next/static/chunks/85776_next_dist_a7241a5b._.js:3127
[  208979ms] [ERROR] ./src/app/caso/[slug]/page.tsx:5:1
Module not found: Can't resolve './OverviewContent'
  3 | import { CASO_EPSTEIN_SLUG } from '../../../lib/caso-epstein/types'
  4 | import { getActors, getTimeline, getDocuments, getLegalCases } from '../../../lib/caso-epstein/queries'
> 5 | import { OverviewContent } from './OverviewContent'
    | ^^^^^^^^^^^^^^^^^^^^^^^^^^^^^^^^^^^^^^^^^^^^^^^^^^^
  6 |
  7 | interface PageProps {
  8 |   readonly params: Promise<{ slug: string }>

https://nextjs.org/docs/messages/module-not-found @ http://localhost:3000/_next/static/chunks/85776_next_dist_a7241a5b._.js:3127
[  209041ms] [ERROR] ./src/app/caso/[slug]/page.tsx:5:1
Module not found: Can't resolve './OverviewContent'
  3 | import { CASO_EPSTEIN_SLUG } from '../../../lib/caso-epstein/types'
  4 | import { getActors, getTimeline, getDocuments, getLegalCases } from '../../../lib/caso-epstein/queries'
> 5 | import { OverviewContent } from './OverviewContent'
    | ^^^^^^^^^^^^^^^^^^^^^^^^^^^^^^^^^^^^^^^^^^^^^^^^^^^
  6 |
  7 | interface PageProps {
  8 |   readonly params: Promise<{ slug: string }>

https://nextjs.org/docs/messages/module-not-found @ http://localhost:3000/_next/static/chunks/85776_next_dist_a7241a5b._.js:3127
[  209162ms] [ERROR] ./src/app/caso/[slug]/page.tsx:5:1
Module not found: Can't resolve './OverviewContent'
  3 | import { CASO_EPSTEIN_SLUG } from '../../../lib/caso-epstein/types'
  4 | import { getActors, getTimeline, getDocuments, getLegalCases } from '../../../lib/caso-epstein/queries'
> 5 | import { OverviewContent } from './OverviewContent'
    | ^^^^^^^^^^^^^^^^^^^^^^^^^^^^^^^^^^^^^^^^^^^^^^^^^^^
  6 |
  7 | interface PageProps {
  8 |   readonly params: Promise<{ slug: string }>

https://nextjs.org/docs/messages/module-not-found @ http://localhost:3000/_next/static/chunks/85776_next_dist_a7241a5b._.js:3127
[  209286ms] [ERROR] ./src/app/caso/[slug]/page.tsx:5:1
Module not found: Can't resolve './OverviewContent'
  3 | import { CASO_EPSTEIN_SLUG } from '../../../lib/caso-epstein/types'
  4 | import { getActors, getTimeline, getDocuments, getLegalCases } from '../../../lib/caso-epstein/queries'
> 5 | import { OverviewContent } from './OverviewContent'
    | ^^^^^^^^^^^^^^^^^^^^^^^^^^^^^^^^^^^^^^^^^^^^^^^^^^^
  6 |
  7 | interface PageProps {
  8 |   readonly params: Promise<{ slug: string }>

https://nextjs.org/docs/messages/module-not-found @ http://localhost:3000/_next/static/chunks/85776_next_dist_a7241a5b._.js:3127
[  210200ms] [ERROR] ./src/app/caso/[slug]/page.tsx:5:1
Module not found: Can't resolve './OverviewContent'
  3 | import { CASO_EPSTEIN_SLUG } from '../../../lib/caso-epstein/types'
  4 | import { getActors, getTimeline, getDocuments, getLegalCases } from '../../../lib/caso-epstein/queries'
> 5 | import { OverviewContent } from './OverviewContent'
    | ^^^^^^^^^^^^^^^^^^^^^^^^^^^^^^^^^^^^^^^^^^^^^^^^^^^
  6 |
  7 | interface PageProps {
  8 |   readonly params: Promise<{ slug: string }>

https://nextjs.org/docs/messages/module-not-found @ http://localhost:3000/_next/static/chunks/85776_next_dist_a7241a5b._.js:3127
[  210328ms] [ERROR] ./src/app/caso/[slug]/page.tsx:5:1
Module not found: Can't resolve './OverviewContent'
  3 | import { CASO_EPSTEIN_SLUG } from '../../../lib/caso-epstein/types'
  4 | import { getActors, getTimeline, getDocuments, getLegalCases } from '../../../lib/caso-epstein/queries'
> 5 | import { OverviewContent } from './OverviewContent'
    | ^^^^^^^^^^^^^^^^^^^^^^^^^^^^^^^^^^^^^^^^^^^^^^^^^^^
  6 |
  7 | interface PageProps {
  8 |   readonly params: Promise<{ slug: string }>

https://nextjs.org/docs/messages/module-not-found @ http://localhost:3000/_next/static/chunks/85776_next_dist_a7241a5b._.js:3127
[  215617ms] [ERROR] ./src/app/caso/[slug]/page.tsx:5:1
Module not found: Can't resolve './OverviewContent'
  3 | import { CASO_EPSTEIN_SLUG } from '../../../lib/caso-epstein/types'
  4 | import { getActors, getTimeline, getDocuments, getLegalCases } from '../../../lib/caso-epstein/queries'
> 5 | import { OverviewContent } from './OverviewContent'
    | ^^^^^^^^^^^^^^^^^^^^^^^^^^^^^^^^^^^^^^^^^^^^^^^^^^^
  6 |
  7 | interface PageProps {
  8 |   readonly params: Promise<{ slug: string }>

https://nextjs.org/docs/messages/module-not-found @ http://localhost:3000/_next/static/chunks/85776_next_dist_a7241a5b._.js:3127
[  215777ms] [ERROR] ./src/app/caso/[slug]/page.tsx:5:1
Module not found: Can't resolve './OverviewContent'
  3 | import { CASO_EPSTEIN_SLUG } from '../../../lib/caso-epstein/types'
  4 | import { getActors, getTimeline, getDocuments, getLegalCases } from '../../../lib/caso-epstein/queries'
> 5 | import { OverviewContent } from './OverviewContent'
    | ^^^^^^^^^^^^^^^^^^^^^^^^^^^^^^^^^^^^^^^^^^^^^^^^^^^
  6 |
  7 | interface PageProps {
  8 |   readonly params: Promise<{ slug: string }>

https://nextjs.org/docs/messages/module-not-found @ http://localhost:3000/_next/static/chunks/85776_next_dist_a7241a5b._.js:3127
[  220204ms] [ERROR] ./src/app/caso/[slug]/page.tsx:5:1
Module not found: Can't resolve './OverviewContent'
  3 | import { CASO_EPSTEIN_SLUG } from '../../../lib/caso-epstein/types'
  4 | import { getActors, getTimeline, getDocuments, getLegalCases } from '../../../lib/caso-epstein/queries'
> 5 | import { OverviewContent } from './OverviewContent'
    | ^^^^^^^^^^^^^^^^^^^^^^^^^^^^^^^^^^^^^^^^^^^^^^^^^^^
  6 |
  7 | interface PageProps {
  8 |   readonly params: Promise<{ slug: string }>

https://nextjs.org/docs/messages/module-not-found @ http://localhost:3000/_next/static/chunks/85776_next_dist_a7241a5b._.js:3127
[  220337ms] [ERROR] ./src/app/caso/[slug]/page.tsx:5:1
Module not found: Can't resolve './OverviewContent'
  3 | import { CASO_EPSTEIN_SLUG } from '../../../lib/caso-epstein/types'
  4 | import { getActors, getTimeline, getDocuments, getLegalCases } from '../../../lib/caso-epstein/queries'
> 5 | import { OverviewContent } from './OverviewContent'
    | ^^^^^^^^^^^^^^^^^^^^^^^^^^^^^^^^^^^^^^^^^^^^^^^^^^^
  6 |
  7 | interface PageProps {
  8 |   readonly params: Promise<{ slug: string }>

https://nextjs.org/docs/messages/module-not-found @ http://localhost:3000/_next/static/chunks/85776_next_dist_a7241a5b._.js:3127
[  220411ms] [ERROR] ./src/app/caso/[slug]/page.tsx:5:1
Module not found: Can't resolve './OverviewContent'
  3 | import { CASO_EPSTEIN_SLUG } from '../../../lib/caso-epstein/types'
  4 | import { getActors, getTimeline, getDocuments, getLegalCases } from '../../../lib/caso-epstein/queries'
> 5 | import { OverviewContent } from './OverviewContent'
    | ^^^^^^^^^^^^^^^^^^^^^^^^^^^^^^^^^^^^^^^^^^^^^^^^^^^
  6 |
  7 | interface PageProps {
  8 |   readonly params: Promise<{ slug: string }>

https://nextjs.org/docs/messages/module-not-found @ http://localhost:3000/_next/static/chunks/85776_next_dist_a7241a5b._.js:3127
[  220455ms] [ERROR] ./src/app/caso/[slug]/page.tsx:5:1
Module not found: Can't resolve './OverviewContent'
  3 | import { CASO_EPSTEIN_SLUG } from '../../../lib/caso-epstein/types'
  4 | import { getActors, getTimeline, getDocuments, getLegalCases } from '../../../lib/caso-epstein/queries'
> 5 | import { OverviewContent } from './OverviewContent'
    | ^^^^^^^^^^^^^^^^^^^^^^^^^^^^^^^^^^^^^^^^^^^^^^^^^^^
  6 |
  7 | interface PageProps {
  8 |   readonly params: Promise<{ slug: string }>

https://nextjs.org/docs/messages/module-not-found @ http://localhost:3000/_next/static/chunks/85776_next_dist_a7241a5b._.js:3127
[  220604ms] [ERROR] ./src/app/caso/[slug]/page.tsx:5:1
Module not found: Can't resolve './OverviewContent'
  3 | import { CASO_EPSTEIN_SLUG } from '../../../lib/caso-epstein/types'
  4 | import { getActors, getTimeline, getDocuments, getLegalCases } from '../../../lib/caso-epstein/queries'
> 5 | import { OverviewContent } from './OverviewContent'
    | ^^^^^^^^^^^^^^^^^^^^^^^^^^^^^^^^^^^^^^^^^^^^^^^^^^^
  6 |
  7 | interface PageProps {
  8 |   readonly params: Promise<{ slug: string }>

https://nextjs.org/docs/messages/module-not-found @ http://localhost:3000/_next/static/chunks/85776_next_dist_a7241a5b._.js:3127
[  220704ms] [ERROR] ./src/app/caso/[slug]/page.tsx:5:1
Module not found: Can't resolve './OverviewContent'
  3 | import { CASO_EPSTEIN_SLUG } from '../../../lib/caso-epstein/types'
  4 | import { getActors, getTimeline, getDocuments, getLegalCases } from '../../../lib/caso-epstein/queries'
> 5 | import { OverviewContent } from './OverviewContent'
    | ^^^^^^^^^^^^^^^^^^^^^^^^^^^^^^^^^^^^^^^^^^^^^^^^^^^
  6 |
  7 | interface PageProps {
  8 |   readonly params: Promise<{ slug: string }>

https://nextjs.org/docs/messages/module-not-found @ http://localhost:3000/_next/static/chunks/85776_next_dist_a7241a5b._.js:3127
[  220913ms] [ERROR] ./src/app/caso/[slug]/page.tsx:5:1
Module not found: Can't resolve './OverviewContent'
  3 | import { CASO_EPSTEIN_SLUG } from '../../../lib/caso-epstein/types'
  4 | import { getActors, getTimeline, getDocuments, getLegalCases } from '../../../lib/caso-epstein/queries'
> 5 | import { OverviewContent } from './OverviewContent'
    | ^^^^^^^^^^^^^^^^^^^^^^^^^^^^^^^^^^^^^^^^^^^^^^^^^^^
  6 |
  7 | interface PageProps {
  8 |   readonly params: Promise<{ slug: string }>

https://nextjs.org/docs/messages/module-not-found @ http://localhost:3000/_next/static/chunks/85776_next_dist_a7241a5b._.js:3127
[  220977ms] [ERROR] ./src/app/caso/[slug]/page.tsx:5:1
Module not found: Can't resolve './OverviewContent'
  3 | import { CASO_EPSTEIN_SLUG } from '../../../lib/caso-epstein/types'
  4 | import { getActors, getTimeline, getDocuments, getLegalCases } from '../../../lib/caso-epstein/queries'
> 5 | import { OverviewContent } from './OverviewContent'
    | ^^^^^^^^^^^^^^^^^^^^^^^^^^^^^^^^^^^^^^^^^^^^^^^^^^^
  6 |
  7 | interface PageProps {
  8 |   readonly params: Promise<{ slug: string }>

https://nextjs.org/docs/messages/module-not-found @ http://localhost:3000/_next/static/chunks/85776_next_dist_a7241a5b._.js:3127
[  221185ms] [ERROR] ./src/app/caso/[slug]/page.tsx:5:1
Module not found: Can't resolve './OverviewContent'
  3 | import { CASO_EPSTEIN_SLUG } from '../../../lib/caso-epstein/types'
  4 | import { getActors, getTimeline, getDocuments, getLegalCases } from '../../../lib/caso-epstein/queries'
> 5 | import { OverviewContent } from './OverviewContent'
    | ^^^^^^^^^^^^^^^^^^^^^^^^^^^^^^^^^^^^^^^^^^^^^^^^^^^
  6 |
  7 | interface PageProps {
  8 |   readonly params: Promise<{ slug: string }>

https://nextjs.org/docs/messages/module-not-found @ http://localhost:3000/_next/static/chunks/85776_next_dist_a7241a5b._.js:3127
[  221795ms] [ERROR] ./src/app/caso/[slug]/page.tsx:5:1
Module not found: Can't resolve './OverviewContent'
  3 | import { CASO_EPSTEIN_SLUG } from '../../../lib/caso-epstein/types'
  4 | import { getActors, getTimeline, getDocuments, getLegalCases } from '../../../lib/caso-epstein/queries'
> 5 | import { OverviewContent } from './OverviewContent'
    | ^^^^^^^^^^^^^^^^^^^^^^^^^^^^^^^^^^^^^^^^^^^^^^^^^^^
  6 |
  7 | interface PageProps {
  8 |   readonly params: Promise<{ slug: string }>

https://nextjs.org/docs/messages/module-not-found @ http://localhost:3000/_next/static/chunks/85776_next_dist_a7241a5b._.js:3127
[  221948ms] [ERROR] ./src/app/caso/[slug]/page.tsx:5:1
Module not found: Can't resolve './OverviewContent'
  3 | import { CASO_EPSTEIN_SLUG } from '../../../lib/caso-epstein/types'
  4 | import { getActors, getTimeline, getDocuments, getLegalCases } from '../../../lib/caso-epstein/queries'
> 5 | import { OverviewContent } from './OverviewContent'
    | ^^^^^^^^^^^^^^^^^^^^^^^^^^^^^^^^^^^^^^^^^^^^^^^^^^^
  6 |
  7 | interface PageProps {
  8 |   readonly params: Promise<{ slug: string }>

https://nextjs.org/docs/messages/module-not-found @ http://localhost:3000/_next/static/chunks/85776_next_dist_a7241a5b._.js:3127
[  222078ms] [ERROR] ./src/app/caso/[slug]/page.tsx:5:1
Module not found: Can't resolve './OverviewContent'
  3 | import { CASO_EPSTEIN_SLUG } from '../../../lib/caso-epstein/types'
  4 | import { getActors, getTimeline, getDocuments, getLegalCases } from '../../../lib/caso-epstein/queries'
> 5 | import { OverviewContent } from './OverviewContent'
    | ^^^^^^^^^^^^^^^^^^^^^^^^^^^^^^^^^^^^^^^^^^^^^^^^^^^
  6 |
  7 | interface PageProps {
  8 |   readonly params: Promise<{ slug: string }>

https://nextjs.org/docs/messages/module-not-found @ http://localhost:3000/_next/static/chunks/85776_next_dist_a7241a5b._.js:3127
