2026-03-17T07:33:10.010486Z  WARN ralph: Config file "presets/spec-driven.yml" not found, using defaults
2026-03-17T07:33:11.044775Z  INFO ralph_core::event_loop: Memory injection check: enabled=true, inject=Auto, workspace_root="/Users/gabriel/dev/apps/office-of-accountability"
2026-03-17T07:33:11.046511Z  INFO ralph_core::event_loop: Looking for memories at: "/Users/gabriel/dev/apps/office-of-accountability/.ralph/agent/memories.md" (exists: true)
2026-03-17T07:33:11.111539Z  INFO ralph_core::event_loop: Successfully loaded 2 memories from store
2026-03-17T07:33:11.111585Z  INFO ralph_core::event_loop: Injecting 2 memories (733 chars) into prompt
2026-03-17T07:33:11.116734Z  INFO ralph_core::event_loop: Injecting ready tasks (4 ready, 4 open, 2 closed) into prompt
2026-03-17T07:42:29.426832Z  INFO ralph_core::event_loop: Memory injection check: enabled=true, inject=Auto, workspace_root="/Users/gabriel/dev/apps/office-of-accountability"
2026-03-17T07:42:29.427822Z  INFO ralph_core::event_loop: Looking for memories at: "/Users/gabriel/dev/apps/office-of-accountability/.ralph/agent/memories.md" (exists: true)
2026-03-17T07:42:29.430693Z  INFO ralph_core::event_loop: Successfully loaded 3 memories from store
2026-03-17T07:42:29.430710Z  INFO ralph_core::event_loop: Injecting 3 memories (1148 chars) into prompt
2026-03-17T07:42:29.431031Z  INFO ralph_core::event_loop: Injecting scratchpad (1063 chars) into prompt
2026-03-17T07:42:29.431265Z  INFO ralph_core::event_loop: Injecting ready tasks (3 ready, 3 open, 3 closed) into prompt
2026-03-17T07:59:58.913774Z  INFO ralph_core::event_loop: Memory injection check: enabled=true, inject=Auto, workspace_root="/Users/gabriel/dev/apps/office-of-accountability"
2026-03-17T07:59:58.916471Z  INFO ralph_core::event_loop: Looking for memories at: "/Users/gabriel/dev/apps/office-of-accountability/.ralph/agent/memories.md" (exists: true)
2026-03-17T07:59:58.918957Z  INFO ralph_core::event_loop: Successfully loaded 3 memories from store
2026-03-17T07:59:58.918973Z  INFO ralph_core::event_loop: Injecting 3 memories (1148 chars) into prompt
2026-03-17T07:59:58.919302Z  INFO ralph_core::event_loop: Injecting scratchpad (2053 chars) into prompt
2026-03-17T07:59:58.919876Z  INFO ralph_core::event_loop: Injecting ready tasks (2 ready, 2 open, 4 closed) into prompt
2026-03-17T08:05:07.336900Z  INFO ralph_core::event_loop: Memory injection check: enabled=true, inject=Auto, workspace_root="/Users/gabriel/dev/apps/office-of-accountability"
2026-03-17T08:05:07.337750Z  INFO ralph_core::event_loop: Looking for memories at: "/Users/gabriel/dev/apps/office-of-accountability/.ralph/agent/memories.md" (exists: true)
2026-03-17T08:05:07.340079Z  INFO ralph_core::event_loop: Successfully loaded 4 memories from store
2026-03-17T08:05:07.340157Z  INFO ralph_core::event_loop: Injecting 4 memories (1397 chars) into prompt
2026-03-17T08:05:07.340703Z  INFO ralph_core::event_loop: Injecting scratchpad (3196 chars) into prompt
2026-03-17T08:05:07.341292Z  INFO ralph_core::event_loop: Injecting ready tasks (0 ready, 0 open, 6 closed) into prompt
2026-03-17T08:10:27.577082Z  INFO ralph_core::event_loop: Memory injection check: enabled=true, inject=Auto, workspace_root="/Users/gabriel/dev/apps/office-of-accountability"
2026-03-17T08:10:27.577588Z  INFO ralph_core::event_loop: Looking for memories at: "/Users/gabriel/dev/apps/office-of-accountability/.ralph/agent/memories.md" (exists: true)
2026-03-17T08:10:27.579115Z  INFO ralph_core::event_loop: Successfully loaded 4 memories from store
2026-03-17T08:10:27.579134Z  INFO ralph_core::event_loop: Injecting 4 memories (1397 chars) into prompt
2026-03-17T08:10:27.579345Z  INFO ralph_core::event_loop: Injecting scratchpad (5082 chars) into prompt
2026-03-17T08:10:27.579738Z  INFO ralph_core::event_loop: Injecting ready tasks (1 ready, 5 open, 6 closed) into prompt
2026-03-17T08:12:48.412140Z  INFO ralph_core::event_loop: Memory injection check: enabled=true, inject=Auto, workspace_root="/Users/gabriel/dev/apps/office-of-accountability"
2026-03-17T08:12:48.412680Z  INFO ralph_core::event_loop: Looking for memories at: "/Users/gabriel/dev/apps/office-of-accountability/.ralph/agent/memories.md" (exists: true)
2026-03-17T08:12:48.413988Z  INFO ralph_core::event_loop: Successfully loaded 4 memories from store
2026-03-17T08:12:48.414004Z  INFO ralph_core::event_loop: Injecting 4 memories (1397 chars) into prompt
2026-03-17T08:12:48.414162Z  INFO ralph_core::event_loop: Injecting scratchpad (5974 chars) into prompt
2026-03-17T08:12:48.414389Z  INFO ralph_core::event_loop: Injecting ready tasks (3 ready, 3 open, 8 closed) into prompt
2026-03-17T08:16:16.041106Z  INFO ralph_core::event_loop: Memory injection check: enabled=true, inject=Auto, workspace_root="/Users/gabriel/dev/apps/office-of-accountability"
2026-03-17T08:16:16.041703Z  INFO ralph_core::event_loop: Looking for memories at: "/Users/gabriel/dev/apps/office-of-accountability/.ralph/agent/memories.md" (exists: true)
2026-03-17T08:16:16.043135Z  INFO ralph_core::event_loop: Successfully loaded 4 memories from store
2026-03-17T08:16:16.043159Z  INFO ralph_core::event_loop: Injecting 4 memories (1397 chars) into prompt
2026-03-17T08:16:16.043334Z  INFO ralph_core::event_loop: Injecting scratchpad (7216 chars) into prompt
2026-03-17T08:16:16.043932Z  INFO ralph_core::event_loop: Injecting ready tasks (2 ready, 2 open, 9 closed) into prompt
2026-03-17T08:18:42.519385Z  INFO ralph_core::event_loop: Memory injection check: enabled=true, inject=Auto, workspace_root="/Users/gabriel/dev/apps/office-of-accountability"
2026-03-17T08:18:42.519904Z  INFO ralph_core::event_loop: Looking for memories at: "/Users/gabriel/dev/apps/office-of-accountability/.ralph/agent/memories.md" (exists: true)
2026-03-17T08:18:42.521171Z  INFO ralph_core::event_loop: Successfully loaded 4 memories from store
2026-03-17T08:18:42.521187Z  INFO ralph_core::event_loop: Injecting 4 memories (1397 chars) into prompt
2026-03-17T08:18:42.521399Z  INFO ralph_core::event_loop: Injecting scratchpad (8263 chars) into prompt
2026-03-17T08:18:42.521627Z  INFO ralph_core::event_loop: Injecting ready tasks (1 ready, 1 open, 10 closed) into prompt
2026-03-17T08:21:33.455262Z  INFO ralph_core::event_loop: Memory injection check: enabled=true, inject=Auto, workspace_root="/Users/gabriel/dev/apps/office-of-accountability"
2026-03-17T08:21:33.455782Z  INFO ralph_core::event_loop: Looking for memories at: "/Users/gabriel/dev/apps/office-of-accountability/.ralph/agent/memories.md" (exists: true)
2026-03-17T08:21:33.457061Z  INFO ralph_core::event_loop: Successfully loaded 4 memories from store
2026-03-17T08:21:33.457079Z  INFO ralph_core::event_loop: Injecting 4 memories (1397 chars) into prompt
2026-03-17T08:21:33.457242Z  INFO ralph_core::event_loop: Injecting scratchpad (9294 chars) into prompt
2026-03-17T08:21:33.457760Z  INFO ralph_core::event_loop: Injecting ready tasks (0 ready, 0 open, 11 closed) into prompt
2026-03-17T08:25:08.839167Z  INFO ralph_core::event_loop: Memory injection check: enabled=true, inject=Auto, workspace_root="/Users/gabriel/dev/apps/office-of-accountability"
2026-03-17T08:25:08.839646Z  INFO ralph_core::event_loop: Looking for memories at: "/Users/gabriel/dev/apps/office-of-accountability/.ralph/agent/memories.md" (exists: true)
2026-03-17T08:25:08.841033Z  INFO ralph_core::event_loop: Successfully loaded 4 memories from store
2026-03-17T08:25:08.841056Z  INFO ralph_core::event_loop: Injecting 4 memories (1397 chars) into prompt
2026-03-17T08:25:08.841231Z  INFO ralph_core::event_loop: Injecting scratchpad (10235 chars) into prompt
2026-03-17T08:25:08.841513Z  INFO ralph_core::event_loop: Injecting ready tasks (1 ready, 3 open, 12 closed) into prompt
2026-03-17T08:27:20.513043Z  INFO ralph_core::event_loop: Memory injection check: enabled=true, inject=Auto, workspace_root="/Users/gabriel/dev/apps/office-of-accountability"
2026-03-17T08:27:20.513747Z  INFO ralph_core::event_loop: Looking for memories at: "/Users/gabriel/dev/apps/office-of-accountability/.ralph/agent/memories.md" (exists: true)
2026-03-17T08:27:20.515645Z  INFO ralph_core::event_loop: Successfully loaded 4 memories from store
2026-03-17T08:27:20.515702Z  INFO ralph_core::event_loop: Injecting 4 memories (1397 chars) into prompt
2026-03-17T08:27:20.515793Z  INFO ralph_core::event_loop: Injecting scratchpad (11310 chars) into prompt
2026-03-17T08:27:20.516117Z  INFO ralph_core::event_loop: Injecting ready tasks (2 ready, 2 open, 13 closed) into prompt
2026-03-17T08:31:18.813868Z  INFO ralph_core::event_loop: Memory injection check: enabled=true, inject=Auto, workspace_root="/Users/gabriel/dev/apps/office-of-accountability"
2026-03-17T08:31:18.814383Z  INFO ralph_core::event_loop: Looking for memories at: "/Users/gabriel/dev/apps/office-of-accountability/.ralph/agent/memories.md" (exists: true)
2026-03-17T08:31:18.815588Z  INFO ralph_core::event_loop: Successfully loaded 4 memories from store
2026-03-17T08:31:18.815608Z  INFO ralph_core::event_loop: Injecting 4 memories (1397 chars) into prompt
2026-03-17T08:31:18.815659Z  INFO ralph_core::event_loop: Injecting scratchpad (12077 chars) into prompt
2026-03-17T08:31:18.815867Z  INFO ralph_core::event_loop: Injecting ready tasks (1 ready, 1 open, 14 closed) into prompt
2026-03-17T08:33:35.078294Z  INFO ralph_core::event_loop: Memory injection check: enabled=true, inject=Auto, workspace_root="/Users/gabriel/dev/apps/office-of-accountability"
2026-03-17T08:33:35.078779Z  INFO ralph_core::event_loop: Looking for memories at: "/Users/gabriel/dev/apps/office-of-accountability/.ralph/agent/memories.md" (exists: true)
2026-03-17T08:33:35.080065Z  INFO ralph_core::event_loop: Successfully loaded 4 memories from store
2026-03-17T08:33:35.080088Z  INFO ralph_core::event_loop: Injecting 4 memories (1397 chars) into prompt
2026-03-17T08:33:35.080148Z  INFO ralph_core::event_loop: Injecting scratchpad (13125 chars) into prompt
2026-03-17T08:33:35.080357Z  INFO ralph_core::event_loop: Injecting ready tasks (0 ready, 0 open, 15 closed) into prompt
2026-03-17T08:39:01.426674Z  INFO ralph_core::event_loop: Memory injection check: enabled=true, inject=Auto, workspace_root="/Users/gabriel/dev/apps/office-of-accountability"
2026-03-17T08:39:01.427178Z  INFO ralph_core::event_loop: Looking for memories at: "/Users/gabriel/dev/apps/office-of-accountability/.ralph/agent/memories.md" (exists: true)
2026-03-17T08:39:01.428425Z  INFO ralph_core::event_loop: Successfully loaded 4 memories from store
2026-03-17T08:39:01.428438Z  INFO ralph_core::event_loop: Injecting 4 memories (1397 chars) into prompt
2026-03-17T08:39:01.428482Z  INFO ralph_core::event_loop: Injecting scratchpad (14087 chars) into prompt
2026-03-17T08:39:01.428711Z  INFO ralph_core::event_loop: Injecting ready tasks (4 ready, 4 open, 16 closed) into prompt
2026-03-17T08:44:29.322231Z  INFO ralph_core::event_loop: Memory injection check: enabled=true, inject=Auto, workspace_root="/Users/gabriel/dev/apps/office-of-accountability"
2026-03-17T08:44:29.323674Z  INFO ralph_core::event_loop: Looking for memories at: "/Users/gabriel/dev/apps/office-of-accountability/.ralph/agent/memories.md" (exists: true)
2026-03-17T08:44:29.327063Z  INFO ralph_core::event_loop: Successfully loaded 4 memories from store
2026-03-17T08:44:29.327223Z  INFO ralph_core::event_loop: Injecting 4 memories (1397 chars) into prompt
2026-03-17T08:44:29.328876Z  INFO ralph_core::event_loop: Injecting scratchpad (15026 chars) into prompt
2026-03-17T08:44:29.330869Z  INFO ralph_core::event_loop: Injecting ready tasks (3 ready, 3 open, 17 closed) into prompt
2026-03-17T08:48:12.329170Z  INFO ralph_core::event_loop: Memory injection check: enabled=true, inject=Auto, workspace_root="/Users/gabriel/dev/apps/office-of-accountability"
2026-03-17T08:48:12.329722Z  INFO ralph_core::event_loop: Looking for memories at: "/Users/gabriel/dev/apps/office-of-accountability/.ralph/agent/memories.md" (exists: true)
2026-03-17T08:48:12.331307Z  INFO ralph_core::event_loop: Successfully loaded 4 memories from store
2026-03-17T08:48:12.331334Z  INFO ralph_core::event_loop: Injecting 4 memories (1397 chars) into prompt
2026-03-17T08:48:12.331390Z  INFO ralph_core::event_loop: Injecting scratchpad (16000 chars) into prompt
2026-03-17T08:48:12.331636Z  INFO ralph_core::event_loop: Injecting ready tasks (2 ready, 2 open, 18 closed) into prompt
2026-03-17T08:49:52.975206Z  INFO ralph_core::event_loop: Memory injection check: enabled=true, inject=Auto, workspace_root="/Users/gabriel/dev/apps/office-of-accountability"
2026-03-17T08:49:52.975878Z  INFO ralph_core::event_loop: Looking for memories at: "/Users/gabriel/dev/apps/office-of-accountability/.ralph/agent/memories.md" (exists: true)
2026-03-17T08:49:52.977448Z  INFO ralph_core::event_loop: Successfully loaded 4 memories from store
2026-03-17T08:49:52.977478Z  INFO ralph_core::event_loop: Injecting 4 memories (1397 chars) into prompt
2026-03-17T08:49:52.977739Z  INFO ralph_core::event_loop: Injecting scratchpad (16169 chars) into prompt
2026-03-17T08:49:52.978175Z  INFO ralph_core::event_loop: Injecting ready tasks (1 ready, 1 open, 19 closed) into prompt
2026-03-17T08:53:25.890131Z  INFO ralph_core::event_loop: Memory injection check: enabled=true, inject=Auto, workspace_root="/Users/gabriel/dev/apps/office-of-accountability"
2026-03-17T08:53:25.891153Z  INFO ralph_core::event_loop: Looking for memories at: "/Users/gabriel/dev/apps/office-of-accountability/.ralph/agent/memories.md" (exists: true)
2026-03-17T08:53:25.893445Z  INFO ralph_core::event_loop: Successfully loaded 4 memories from store
2026-03-17T08:53:25.893506Z  INFO ralph_core::event_loop: Injecting 4 memories (1397 chars) into prompt
2026-03-17T08:53:25.894546Z  INFO ralph_core::event_loop: Injecting scratchpad (16210 chars) into prompt
2026-03-17T08:53:25.895111Z  INFO ralph_core::event_loop: Injecting ready tasks (0 ready, 0 open, 20 closed) into prompt
2026-03-17T08:57:46.240318Z  INFO ralph_core::event_loop: Memory injection check: enabled=true, inject=Auto, workspace_root="/Users/gabriel/dev/apps/office-of-accountability"
2026-03-17T08:57:46.241322Z  INFO ralph_core::event_loop: Looking for memories at: "/Users/gabriel/dev/apps/office-of-accountability/.ralph/agent/memories.md" (exists: true)
2026-03-17T08:57:46.245005Z  INFO ralph_core::event_loop: Successfully loaded 4 memories from store
2026-03-17T08:57:46.245330Z  INFO ralph_core::event_loop: Injecting 4 memories (1397 chars) into prompt
2026-03-17T08:57:46.245579Z  INFO ralph_core::event_loop: Injecting scratchpad (16338 chars) into prompt
2026-03-17T08:57:46.246657Z  INFO ralph_core::event_loop: Injecting ready tasks (1 ready, 2 open, 20 closed) into prompt
2026-03-17T09:05:36.241292Z  INFO ralph_core::event_loop: Memory injection check: enabled=true, inject=Auto, workspace_root="/Users/gabriel/dev/apps/office-of-accountability"
2026-03-17T09:05:36.241834Z  INFO ralph_core::event_loop: Looking for memories at: "/Users/gabriel/dev/apps/office-of-accountability/.ralph/agent/memories.md" (exists: true)
2026-03-17T09:05:36.243626Z  INFO ralph_core::event_loop: Successfully loaded 4 memories from store
2026-03-17T09:05:36.243654Z  INFO ralph_core::event_loop: Injecting 4 memories (1397 chars) into prompt
2026-03-17T09:05:36.243723Z  INFO ralph_core::event_loop: Injecting scratchpad (16490 chars) into prompt
2026-03-17T09:05:36.243975Z  INFO ralph_core::event_loop: Injecting ready tasks (0 ready, 0 open, 22 closed) into prompt
2026-03-17T09:11:18.512337Z  INFO ralph_core::event_loop: Memory injection check: enabled=true, inject=Auto, workspace_root="/Users/gabriel/dev/apps/office-of-accountability"
2026-03-17T09:11:18.512885Z  INFO ralph_core::event_loop: Looking for memories at: "/Users/gabriel/dev/apps/office-of-accountability/.ralph/agent/memories.md" (exists: true)
2026-03-17T09:11:18.514263Z  INFO ralph_core::event_loop: Successfully loaded 4 memories from store
2026-03-17T09:11:18.514287Z  INFO ralph_core::event_loop: Injecting 4 memories (1397 chars) into prompt
2026-03-17T09:11:18.514371Z  INFO ralph_core::event_loop: Injecting scratchpad (16691 chars) into prompt
2026-03-17T09:11:18.514634Z  INFO ralph_core::event_loop: Injecting ready tasks (0 ready, 0 open, 23 closed) into prompt
2026-03-17T09:15:33.383505Z  INFO ralph_core::event_loop: Memory injection check: enabled=true, inject=Auto, workspace_root="/Users/gabriel/dev/apps/office-of-accountability"
2026-03-17T09:15:33.384265Z  INFO ralph_core::event_loop: Looking for memories at: "/Users/gabriel/dev/apps/office-of-accountability/.ralph/agent/memories.md" (exists: true)
2026-03-17T09:15:33.386270Z  INFO ralph_core::event_loop: Successfully loaded 4 memories from store
2026-03-17T09:15:33.386327Z  INFO ralph_core::event_loop: Injecting 4 memories (1397 chars) into prompt
2026-03-17T09:15:33.386495Z  INFO ralph_core::event_loop: Injecting scratchpad (16768 chars) into prompt
2026-03-17T09:15:33.387286Z  INFO ralph_core::event_loop: Injecting ready tasks (0 ready, 0 open, 23 closed) into prompt
2026-03-17T09:19:39.100355Z  INFO ralph_core::event_loop: Memory injection check: enabled=true, inject=Auto, workspace_root="/Users/gabriel/dev/apps/office-of-accountability"
2026-03-17T09:19:39.100919Z  INFO ralph_core::event_loop: Looking for memories at: "/Users/gabriel/dev/apps/office-of-accountability/.ralph/agent/memories.md" (exists: true)
2026-03-17T09:19:39.102428Z  INFO ralph_core::event_loop: Successfully loaded 4 memories from store
2026-03-17T09:19:39.102453Z  INFO ralph_core::event_loop: Injecting 4 memories (1397 chars) into prompt
2026-03-17T09:19:39.102570Z  INFO ralph_core::event_loop: Injecting scratchpad (16878 chars) into prompt
2026-03-17T09:19:39.103092Z  INFO ralph_core::event_loop: Injecting ready tasks (0 ready, 0 open, 23 closed) into prompt
2026-03-17T09:24:31.172233Z  INFO ralph_core::event_loop: Memory injection check: enabled=true, inject=Auto, workspace_root="/Users/gabriel/dev/apps/office-of-accountability"
2026-03-17T09:24:31.176661Z  INFO ralph_core::event_loop: Looking for memories at: "/Users/gabriel/dev/apps/office-of-accountability/.ralph/agent/memories.md" (exists: true)
2026-03-17T09:24:31.189644Z  INFO ralph_core::event_loop: Successfully loaded 4 memories from store
2026-03-17T09:24:31.190294Z  INFO ralph_core::event_loop: Injecting 4 memories (1397 chars) into prompt
2026-03-17T09:24:31.190803Z  INFO ralph_core::event_loop: Injecting scratchpad (16944 chars) into prompt
2026-03-17T09:24:31.194643Z  INFO ralph_core::event_loop: Injecting ready tasks (0 ready, 0 open, 24 closed) into prompt
2026-03-17T09:30:06.137713Z  INFO ralph_core::event_loop: Memory injection check: enabled=true, inject=Auto, workspace_root="/Users/gabriel/dev/apps/office-of-accountability"
2026-03-17T09:30:06.138479Z  INFO ralph_core::event_loop: Looking for memories at: "/Users/gabriel/dev/apps/office-of-accountability/.ralph/agent/memories.md" (exists: true)
2026-03-17T09:30:06.140393Z  INFO ralph_core::event_loop: Successfully loaded 4 memories from store
2026-03-17T09:30:06.140612Z  INFO ralph_core::event_loop: Injecting 4 memories (1397 chars) into prompt
2026-03-17T09:30:06.140955Z  INFO ralph_core::event_loop: Injecting scratchpad (17300 chars) into prompt
2026-03-17T09:30:06.141310Z  INFO ralph_core::event_loop: Injecting ready tasks (1 ready, 7 open, 24 closed) into prompt
2026-03-17T09:33:25.927173Z  INFO ralph_core::event_loop: Memory injection check: enabled=true, inject=Auto, workspace_root="/Users/gabriel/dev/apps/office-of-accountability"
2026-03-17T09:33:25.927847Z  INFO ralph_core::event_loop: Looking for memories at: "/Users/gabriel/dev/apps/office-of-accountability/.ralph/agent/memories.md" (exists: true)
2026-03-17T09:33:25.929881Z  INFO ralph_core::event_loop: Successfully loaded 4 memories from store
2026-03-17T09:33:25.929929Z  INFO ralph_core::event_loop: Injecting 4 memories (1397 chars) into prompt
2026-03-17T09:33:25.930309Z  INFO ralph_core::event_loop: Injecting scratchpad (17349 chars) into prompt
2026-03-17T09:33:25.930875Z  INFO ralph_core::event_loop: Injecting ready tasks (5 ready, 5 open, 26 closed) into prompt
2026-03-17T09:36:18.204530Z  INFO ralph_core::event_loop: Memory injection check: enabled=true, inject=Auto, workspace_root="/Users/gabriel/dev/apps/office-of-accountability"
2026-03-17T09:36:18.205319Z  INFO ralph_core::event_loop: Looking for memories at: "/Users/gabriel/dev/apps/office-of-accountability/.ralph/agent/memories.md" (exists: true)
2026-03-17T09:36:18.207133Z  INFO ralph_core::event_loop: Successfully loaded 4 memories from store
2026-03-17T09:36:18.207250Z  INFO ralph_core::event_loop: Injecting 4 memories (1397 chars) into prompt
2026-03-17T09:36:18.207505Z  INFO ralph_core::event_loop: Injecting scratchpad (17542 chars) into prompt
2026-03-17T09:36:18.208446Z  INFO ralph_core::event_loop: Injecting ready tasks (4 ready, 4 open, 27 closed) into prompt
2026-03-17T09:42:24.879241Z  INFO ralph_core::event_loop: Memory injection check: enabled=true, inject=Auto, workspace_root="/Users/gabriel/dev/apps/office-of-accountability"
2026-03-17T09:42:24.879597Z  INFO ralph_core::event_loop: Looking for memories at: "/Users/gabriel/dev/apps/office-of-accountability/.ralph/agent/memories.md" (exists: true)
2026-03-17T09:42:24.881039Z  INFO ralph_core::event_loop: Successfully loaded 4 memories from store
2026-03-17T09:42:24.881058Z  INFO ralph_core::event_loop: Injecting 4 memories (1397 chars) into prompt
2026-03-17T09:42:24.881155Z  INFO ralph_core::event_loop: Injecting scratchpad (17702 chars) into prompt
2026-03-17T09:42:24.881550Z  INFO ralph_core::event_loop: Injecting ready tasks (4 ready, 4 open, 27 closed) into prompt
2026-03-17T09:46:18.748070Z  INFO ralph_core::event_loop: Memory injection check: enabled=true, inject=Auto, workspace_root="/Users/gabriel/dev/apps/office-of-accountability"
2026-03-17T09:46:18.748597Z  INFO ralph_core::event_loop: Looking for memories at: "/Users/gabriel/dev/apps/office-of-accountability/.ralph/agent/memories.md" (exists: true)
2026-03-17T09:46:18.750129Z  INFO ralph_core::event_loop: Successfully loaded 4 memories from store
2026-03-17T09:46:18.750158Z  INFO ralph_core::event_loop: Injecting 4 memories (1397 chars) into prompt
2026-03-17T09:46:18.750434Z  INFO ralph_core::event_loop: Injecting scratchpad (17700 chars) into prompt
2026-03-17T09:46:18.750933Z  INFO ralph_core::event_loop: Injecting ready tasks (2 ready, 2 open, 29 closed) into prompt
2026-03-17T09:50:24.649739Z  INFO ralph_core::event_loop: Memory injection check: enabled=true, inject=Auto, workspace_root="/Users/gabriel/dev/apps/office-of-accountability"
2026-03-17T09:50:24.650357Z  INFO ralph_core::event_loop: Looking for memories at: "/Users/gabriel/dev/apps/office-of-accountability/.ralph/agent/memories.md" (exists: true)
2026-03-17T09:50:24.651980Z  INFO ralph_core::event_loop: Successfully loaded 4 memories from store
2026-03-17T09:50:24.652071Z  INFO ralph_core::event_loop: Injecting 4 memories (1397 chars) into prompt
2026-03-17T09:50:24.652597Z  INFO ralph_core::event_loop: Injecting scratchpad (17944 chars) into prompt
2026-03-17T09:50:24.653028Z  INFO ralph_core::event_loop: Injecting ready tasks (1 ready, 1 open, 30 closed) into prompt
2026-03-17T09:54:59.044772Z  INFO ralph_core::event_loop: Memory injection check: enabled=true, inject=Auto, workspace_root="/Users/gabriel/dev/apps/office-of-accountability"
2026-03-17T09:54:59.045325Z  INFO ralph_core::event_loop: Looking for memories at: "/Users/gabriel/dev/apps/office-of-accountability/.ralph/agent/memories.md" (exists: true)
2026-03-17T09:54:59.046938Z  INFO ralph_core::event_loop: Successfully loaded 4 memories from store
2026-03-17T09:54:59.046965Z  INFO ralph_core::event_loop: Injecting 4 memories (1397 chars) into prompt
2026-03-17T09:54:59.047214Z  INFO ralph_core::event_loop: Injecting scratchpad (18014 chars) into prompt
2026-03-17T09:54:59.047904Z  INFO ralph_core::event_loop: Injecting ready tasks (1 ready, 1 open, 30 closed) into prompt
2026-03-17T10:00:24.147507Z  INFO ralph_core::event_loop: Memory injection check: enabled=true, inject=Auto, workspace_root="/Users/gabriel/dev/apps/office-of-accountability"
2026-03-17T10:00:24.148477Z  INFO ralph_core::event_loop: Looking for memories at: "/Users/gabriel/dev/apps/office-of-accountability/.ralph/agent/memories.md" (exists: true)
2026-03-17T10:00:24.151344Z  INFO ralph_core::event_loop: Successfully loaded 4 memories from store
2026-03-17T10:00:24.152228Z  INFO ralph_core::event_loop: Injecting 4 memories (1397 chars) into prompt
2026-03-17T10:00:24.153580Z  INFO ralph_core::event_loop: Injecting scratchpad (18152 chars) into prompt
2026-03-17T10:00:24.154302Z  INFO ralph_core::event_loop: Injecting ready tasks (4 ready, 4 open, 32 closed) into prompt
2026-03-17T10:03:27.867574Z  INFO ralph_core::event_loop: Memory injection check: enabled=true, inject=Auto, workspace_root="/Users/gabriel/dev/apps/office-of-accountability"
2026-03-17T10:03:27.868103Z  INFO ralph_core::event_loop: Looking for memories at: "/Users/gabriel/dev/apps/office-of-accountability/.ralph/agent/memories.md" (exists: true)
2026-03-17T10:03:27.869555Z  INFO ralph_core::event_loop: Successfully loaded 4 memories from store
2026-03-17T10:03:27.869579Z  INFO ralph_core::event_loop: Injecting 4 memories (1397 chars) into prompt
2026-03-17T10:03:27.869942Z  INFO ralph_core::event_loop: Injecting scratchpad (18201 chars) into prompt
2026-03-17T10:03:27.870644Z  INFO ralph_core::event_loop: Injecting ready tasks (3 ready, 3 open, 33 closed) into prompt
2026-03-17T10:05:35.714877Z  INFO ralph_core::event_loop: Memory injection check: enabled=true, inject=Auto, workspace_root="/Users/gabriel/dev/apps/office-of-accountability"
2026-03-17T10:05:35.715410Z  INFO ralph_core::event_loop: Looking for memories at: "/Users/gabriel/dev/apps/office-of-accountability/.ralph/agent/memories.md" (exists: true)
2026-03-17T10:05:35.716740Z  INFO ralph_core::event_loop: Successfully loaded 4 memories from store
2026-03-17T10:05:35.716762Z  INFO ralph_core::event_loop: Injecting 4 memories (1397 chars) into prompt
2026-03-17T10:05:35.717172Z  INFO ralph_core::event_loop: Injecting scratchpad (18200 chars) into prompt
2026-03-17T10:05:35.717418Z  INFO ralph_core::event_loop: Injecting ready tasks (2 ready, 2 open, 34 closed) into prompt
2026-03-17T10:07:42.969906Z  INFO ralph_core::event_loop: Memory injection check: enabled=true, inject=Auto, workspace_root="/Users/gabriel/dev/apps/office-of-accountability"
2026-03-17T10:07:42.970441Z  INFO ralph_core::event_loop: Looking for memories at: "/Users/gabriel/dev/apps/office-of-accountability/.ralph/agent/memories.md" (exists: true)
2026-03-17T10:07:42.971777Z  INFO ralph_core::event_loop: Successfully loaded 4 memories from store
2026-03-17T10:07:42.971804Z  INFO ralph_core::event_loop: Injecting 4 memories (1397 chars) into prompt
2026-03-17T10:07:42.972050Z  INFO ralph_core::event_loop: Injecting scratchpad (18313 chars) into prompt
2026-03-17T10:07:42.972283Z  INFO ralph_core::event_loop: Injecting ready tasks (1 ready, 1 open, 35 closed) into prompt
2026-03-17T10:10:57.722804Z  INFO ralph_core::event_loop: Memory injection check: enabled=true, inject=Auto, workspace_root="/Users/gabriel/dev/apps/office-of-accountability"
2026-03-17T10:10:57.723337Z  INFO ralph_core::event_loop: Looking for memories at: "/Users/gabriel/dev/apps/office-of-accountability/.ralph/agent/memories.md" (exists: true)
2026-03-17T10:10:57.725282Z  INFO ralph_core::event_loop: Successfully loaded 4 memories from store
2026-03-17T10:10:57.725307Z  INFO ralph_core::event_loop: Injecting 4 memories (1397 chars) into prompt
2026-03-17T10:10:57.725739Z  INFO ralph_core::event_loop: Injecting scratchpad (18402 chars) into prompt
2026-03-17T10:10:57.726236Z  INFO ralph_core::event_loop: Injecting ready tasks (1 ready, 1 open, 35 closed) into prompt
2026-03-17T10:15:05.987932Z  INFO ralph_core::event_loop: Memory injection check: enabled=true, inject=Auto, workspace_root="/Users/gabriel/dev/apps/office-of-accountability"
2026-03-17T10:15:05.990456Z  INFO ralph_core::event_loop: Looking for memories at: "/Users/gabriel/dev/apps/office-of-accountability/.ralph/agent/memories.md" (exists: true)
2026-03-17T10:15:05.993745Z  INFO ralph_core::event_loop: Successfully loaded 4 memories from store
2026-03-17T10:15:05.993798Z  INFO ralph_core::event_loop: Injecting 4 memories (1397 chars) into prompt
2026-03-17T10:15:05.994518Z  INFO ralph_core::event_loop: Injecting scratchpad (18567 chars) into prompt
2026-03-17T10:15:05.995678Z  INFO ralph_core::event_loop: Injecting ready tasks (2 ready, 2 open, 38 closed) into prompt
2026-03-17T10:18:10.885911Z  INFO ralph_core::event_loop: Memory injection check: enabled=true, inject=Auto, workspace_root="/Users/gabriel/dev/apps/office-of-accountability"
2026-03-17T10:18:10.886479Z  INFO ralph_core::event_loop: Looking for memories at: "/Users/gabriel/dev/apps/office-of-accountability/.ralph/agent/memories.md" (exists: true)
2026-03-17T10:18:10.887902Z  INFO ralph_core::event_loop: Successfully loaded 4 memories from store
2026-03-17T10:18:10.887932Z  INFO ralph_core::event_loop: Injecting 4 memories (1397 chars) into prompt
2026-03-17T10:18:10.888223Z  INFO ralph_core::event_loop: Injecting scratchpad (18689 chars) into prompt
2026-03-17T10:18:10.888670Z  INFO ralph_core::event_loop: Injecting ready tasks (1 ready, 1 open, 39 closed) into prompt
2026-03-17T10:23:12.364684Z  INFO ralph_core::event_loop: Completion event detected in JSONL topic=LOOP_COMPLETE
2026-03-17T10:23:12.366451Z  INFO ralph_core::event_loop: Completion event detected - terminating
2026-03-17T10:23:12.366478Z  INFO ralph::loop_runner: Completion event LOOP_COMPLETE detected.
2026-03-17T10:23:12.366496Z  INFO ralph_core::event_loop: Wrapping up: completed. 38 iterations in 2h 50m 1s. reason=completed iterations=38 duration=2h 50m 1s
2026-03-17T10:23:12.396864Z  INFO ralph_core::landing: Beginning landing sequence loop_id=primary
